<?xml version="1.0" encoding="UTF-8"?>
<!-- Generated by org.testng.reporters.JUnitXMLReporter -->
<testsuite hostname="Dinesh-PC" ignored="0" name="FirstTest" tests="1" failures="1" timestamp="10 Feb 2019 07:23:37 GMT" time="0.16" errors="0">
  <testcase name="logintest" time="0.03" classname="gitMaster.GitMasterTest">
    <failure type="java.lang.ArithmeticException" message="/ by zero">
      <![CDATA[java.lang.ArithmeticException: / by zero
at gitMaster.GitMasterTest.logintest(GitMasterTest.java:18)
... Removed 25 stack frames]]>
    </failure>
  </testcase> <!-- logintest -->
</testsuite> <!-- FirstTest -->
